1741521114.782247 client started (96617): version 3.5a, socket /private/tmp/tmux-501/default, protocol 8
1741521114.782277 on Darwin 24.3.0 Darwin Kernel Version 24.3.0: Thu Jan  2 20:24:06 PST 2025; root:xnu-11215.81.4~3/RELEASE_ARM64_T8103
1741521114.782284 using libevent 2.1.12-stable select
1741521114.782521 using utf8proc 2.10.0
1741521114.782534 using ncurses 6.5 20240427
1741521114.782552 flags are 0x10010000
1741521114.782559 socket is /private/tmp/tmux-501/default
1741521114.782568 trying connect
1741521114.782605 add peer 0x128008000: 6 (0x0)
1741521114.784945 sending message 111 to peer 0x128008000 (8 bytes)
1741521114.784954 sending message 111 to peer 0x128008000 (8 bytes)
1741521114.784958 sending message 101 to peer 0x128008000 (14 bytes)
1741521114.784962 sending message 109 to peer 0x128008000 (4 bytes)
1741521114.784966 sending message 102 to peer 0x128008000 (13 bytes)
1741521114.784969 sending message 108 to peer 0x128008000 (28 bytes)
1741521114.784973 sending message 112 to peer 0x128008000 (70 bytes)
1741521114.784976 sending message 112 to peer 0x128008000 (5 bytes)
1741521114.784979 sending message 112 to peer 0x128008000 (6 bytes)
1741521114.784982 sending message 112 to peer 0x128008000 (6 bytes)
1741521114.784986 sending message 112 to peer 0x128008000 (11 bytes)
1741521114.784989 sending message 112 to peer 0x128008000 (10 bytes)
1741521114.784992 sending message 112 to peer 0x128008000 (13 bytes)
1741521114.784995 sending message 112 to peer 0x128008000 (13 bytes)
1741521114.784998 sending message 112 to peer 0x128008000 (18 bytes)
1741521114.785002 sending message 112 to peer 0x128008000 (11 bytes)
1741521114.785005 sending message 112 to peer 0x128008000 (21 bytes)
1741521114.785008 sending message 112 to peer 0x128008000 (13 bytes)
1741521114.785011 sending message 112 to peer 0x128008000 (7 bytes)
1741521114.785015 sending message 112 to peer 0x128008000 (13 bytes)
1741521114.785018 sending message 112 to peer 0x128008000 (7 bytes)
1741521114.785021 sending message 112 to peer 0x128008000 (13 bytes)
1741521114.785024 sending message 112 to peer 0x128008000 (9 bytes)
1741521114.785027 sending message 112 to peer 0x128008000 (21 bytes)
1741521114.785030 sending message 112 to peer 0x128008000 (13 bytes)
1741521114.785034 sending message 112 to peer 0x128008000 (8 bytes)
1741521114.785037 sending message 112 to peer 0x128008000 (12 bytes)
1741521114.785040 sending message 112 to peer 0x128008000 (13 bytes)
1741521114.785043 sending message 112 to peer 0x128008000 (9 bytes)
1741521114.785046 sending message 112 to peer 0x128008000 (9 bytes)
1741521114.785049 sending message 112 to peer 0x128008000 (12 bytes)
1741521114.785053 sending message 112 to peer 0x128008000 (8 bytes)
1741521114.785056 sending message 112 to peer 0x128008000 (7 bytes)
1741521114.785059 sending message 112 to peer 0x128008000 (7 bytes)
1741521114.785062 sending message 112 to peer 0x128008000 (9 bytes)
1741521114.785065 sending message 112 to peer 0x128008000 (13 bytes)
1741521114.785068 sending message 112 to peer 0x128008000 (6 bytes)
1741521114.785072 sending message 112 to peer 0x128008000 (9 bytes)
1741521114.785075 sending message 112 to peer 0x128008000 (13 bytes)
1741521114.785078 sending message 112 to peer 0x128008000 (12 bytes)
1741521114.785081 sending message 112 to peer 0x128008000 (8 bytes)
1741521114.785085 sending message 112 to peer 0x128008000 (9 bytes)
1741521114.785088 sending message 112 to peer 0x128008000 (10 bytes)
1741521114.785091 sending message 112 to peer 0x128008000 (10 bytes)
1741521114.785095 sending message 112 to peer 0x128008000 (10 bytes)
1741521114.785098 sending message 112 to peer 0x128008000 (10 bytes)
1741521114.785101 sending message 112 to peer 0x128008000 (11 bytes)
1741521114.785104 sending message 112 to peer 0x128008000 (10 bytes)
1741521114.785107 sending message 112 to peer 0x128008000 (8 bytes)
1741521114.785110 sending message 112 to peer 0x128008000 (11 bytes)
1741521114.785113 sending message 112 to peer 0x128008000 (11 bytes)
1741521114.785117 sending message 112 to peer 0x128008000 (11 bytes)
1741521114.785125 sending message 112 to peer 0x128008000 (8 bytes)
1741521114.785127 sending message 112 to peer 0x128008000 (8 bytes)
1741521114.785129 sending message 112 to peer 0x128008000 (8 bytes)
1741521114.785132 sending message 112 to peer 0x128008000 (10 bytes)
1741521114.785134 sending message 112 to peer 0x128008000 (10 bytes)
1741521114.785136 sending message 112 to peer 0x128008000 (10 bytes)
1741521114.785139 sending message 112 to peer 0x128008000 (10 bytes)
1741521114.785141 sending message 112 to peer 0x128008000 (10 bytes)
1741521114.785143 sending message 112 to peer 0x128008000 (11 bytes)
1741521114.785145 sending message 112 to peer 0x128008000 (11 bytes)
1741521114.785148 sending message 112 to peer 0x128008000 (10 bytes)
1741521114.785150 sending message 112 to peer 0x128008000 (9 bytes)
1741521114.785152 sending message 112 to peer 0x128008000 (9 bytes)
1741521114.785155 sending message 112 to peer 0x128008000 (12 bytes)
1741521114.785157 sending message 112 to peer 0x128008000 (9 bytes)
1741521114.785159 sending message 112 to peer 0x128008000 (6 bytes)
1741521114.785162 sending message 112 to peer 0x128008000 (8 bytes)
1741521114.785164 sending message 112 to peer 0x128008000 (15 bytes)
1741521114.785166 sending message 112 to peer 0x128008000 (13 bytes)
1741521114.785169 sending message 112 to peer 0x128008000 (70 bytes)
1741521114.785171 sending message 112 to peer 0x128008000 (69 bytes)
1741521114.785173 sending message 112 to peer 0x128008000 (10 bytes)
1741521114.785175 sending message 112 to peer 0x128008000 (10 bytes)
1741521114.785178 sending message 112 to peer 0x128008000 (8 bytes)
1741521114.785180 sending message 112 to peer 0x128008000 (15 bytes)
1741521114.785182 sending message 112 to peer 0x128008000 (13 bytes)
1741521114.785185 sending message 112 to peer 0x128008000 (10 bytes)
1741521114.785187 sending message 112 to peer 0x128008000 (10 bytes)
1741521114.785189 sending message 112 to peer 0x128008000 (10 bytes)
1741521114.785191 sending message 112 to peer 0x128008000 (9 bytes)
1741521114.785195 sending message 104 to peer 0x128008000 (0 bytes)
1741521114.785197 sending message 110 to peer 0x128008000 (0 bytes)
1741521114.785200 sending message 107 to peer 0x128008000 (4 bytes)
1741521114.785202 sending message 105 to peer 0x128008000 (20 bytes)
1741521114.785204 sending message 105 to peer 0x128008000 (22 bytes)
1741521114.785206 sending message 105 to peer 0x128008000 (28 bytes)
1741521114.785209 sending message 105 to peer 0x128008000 (23 bytes)
1741521114.785211 sending message 105 to peer 0x128008000 (12 bytes)
1741521114.785213 sending message 105 to peer 0x128008000 (119 bytes)
1741521114.785216 sending message 105 to peer 0x128008000 (73 bytes)
1741521114.785218 sending message 105 to peer 0x128008000 (68 bytes)
1741521114.785220 sending message 105 to peer 0x128008000 (65 bytes)
1741521114.785223 sending message 105 to peer 0x128008000 (71 bytes)
1741521114.785225 sending message 105 to peer 0x128008000 (66 bytes)
1741521114.785227 sending message 105 to peer 0x128008000 (1730 bytes)
1741521114.785230 sending message 105 to peer 0x128008000 (57 bytes)
1741521114.785232 sending message 105 to peer 0x128008000 (75 bytes)
1741521114.785235 sending message 105 to peer 0x128008000 (38 bytes)
1741521114.785237 sending message 105 to peer 0x128008000 (36 bytes)
1741521114.785239 sending message 105 to peer 0x128008000 (25 bytes)
1741521114.785241 sending message 105 to peer 0x128008000 (37 bytes)
1741521114.785244 sending message 105 to peer 0x128008000 (30 bytes)
1741521114.785246 sending message 105 to peer 0x128008000 (34 bytes)
1741521114.785248 sending message 105 to peer 0x128008000 (60 bytes)
1741521114.785251 sending message 105 to peer 0x128008000 (17 bytes)
1741521114.785253 sending message 105 to peer 0x128008000 (8 bytes)
1741521114.785255 sending message 105 to peer 0x128008000 (21 bytes)
1741521114.785258 sending message 105 to peer 0x128008000 (32 bytes)
1741521114.785260 sending message 105 to peer 0x128008000 (96 bytes)
1741521114.785262 sending message 105 to peer 0x128008000 (54 bytes)
1741521114.785269 sending message 105 to peer 0x128008000 (106 bytes)
1741521114.785271 sending message 105 to peer 0x128008000 (18 bytes)
1741521114.785273 sending message 105 to peer 0x128008000 (11 bytes)
1741521114.785276 sending message 105 to peer 0x128008000 (644 bytes)
1741521114.785278 sending message 105 to peer 0x128008000 (53 bytes)
1741521114.785280 sending message 105 to peer 0x128008000 (15 bytes)
1741521114.785283 sending message 105 to peer 0x128008000 (23 bytes)
1741521114.785285 sending message 105 to peer 0x128008000 (57 bytes)
1741521114.785287 sending message 105 to peer 0x128008000 (29 bytes)
1741521114.785290 sending message 105 to peer 0x128008000 (32 bytes)
1741521114.785292 sending message 105 to peer 0x128008000 (34 bytes)
1741521114.785294 sending message 105 to peer 0x128008000 (24 bytes)
1741521114.785296 sending message 105 to peer 0x128008000 (15 bytes)
1741521114.785299 sending message 105 to peer 0x128008000 (8 bytes)
1741521114.785301 sending message 105 to peer 0x128008000 (66 bytes)
1741521114.785303 sending message 105 to peer 0x128008000 (19 bytes)
1741521114.785306 sending message 105 to peer 0x128008000 (63 bytes)
1741521114.785308 sending message 105 to peer 0x128008000 (18 bytes)
1741521114.785310 sending message 105 to peer 0x128008000 (26 bytes)
1741521114.785312 sending message 105 to peer 0x128008000 (57 bytes)
1741521114.785315 sending message 105 to peer 0x128008000 (43 bytes)
1741521114.785317 sending message 105 to peer 0x128008000 (48 bytes)
1741521114.785319 sending message 105 to peer 0x128008000 (68 bytes)
1741521114.785322 sending message 105 to peer 0x128008000 (31 bytes)
1741521114.785324 sending message 105 to peer 0x128008000 (51 bytes)
1741521114.785326 sending message 105 to peer 0x128008000 (13 bytes)
1741521114.785329 sending message 105 to peer 0x128008000 (67 bytes)
1741521114.785331 sending message 105 to peer 0x128008000 (18 bytes)
1741521114.785333 sending message 105 to peer 0x128008000 (29 bytes)
1741521114.785335 sending message 105 to peer 0x128008000 (98 bytes)
1741521114.785338 sending message 105 to peer 0x128008000 (14 bytes)
1741521114.785340 sending message 105 to peer 0x128008000 (19 bytes)
1741521114.785342 sending message 105 to peer 0x128008000 (50 bytes)
1741521114.785345 sending message 105 to peer 0x128008000 (21 bytes)
1741521114.785347 sending message 105 to peer 0x128008000 (35 bytes)
1741521114.785349 sending message 105 to peer 0x128008000 (43 bytes)
1741521114.785351 sending message 105 to peer 0x128008000 (32 bytes)
1741521114.785354 sending message 105 to peer 0x128008000 (46 bytes)
1741521114.785356 sending message 105 to peer 0x128008000 (25 bytes)
1741521114.785358 sending message 106 to peer 0x128008000 (0 bytes)
1741521114.785393 sending message 200 to peer 0x128008000 (4 bytes)
1741521114.785397 client loop enter
1741521114.785719 peer 0x128008000 message 303
1741521114.785727 open write file 2 -
1741521114.785736 sending message 305 to peer 0x128008000 (8 bytes)
1741521114.785742 write check file 2
1741521114.785764 peer 0x128008000 message 304
1741521114.785767 write 58 to file 2
1741521114.785770 peer 0x128008000 message 203
1741521114.785772 file 2 58 bytes left
1741521114.785780 write check file 2
1741521114.785783 client loop exit
