1731077078.439326 client started (37714): version 3.5a, socket /private/tmp/tmux-501/default, protocol 8
1731077078.439433 on Darwin 23.6.0 Darwin Kernel Version 23.6.0: Wed Jul 31 20:49:46 PDT 2024; root:xnu-10063.141.1.700.5~1/RELEASE_ARM64_T8103
1731077078.439453 using libevent 2.1.12-stable select
1731077078.439989 using utf8proc 2.9.0
1731077078.440006 using ncurses 6.5 20240427
1731077078.440028 flags are 0x10010000
1731077078.440039 socket is /private/tmp/tmux-501/default
1731077078.440056 trying connect
1731077078.440115 add peer 0x150048000: 6 (0x0)
1731077078.442933 sending message 111 to peer 0x150048000 (8 bytes)
1731077078.442949 sending message 111 to peer 0x150048000 (8 bytes)
1731077078.442957 sending message 101 to peer 0x150048000 (14 bytes)
1731077078.442964 sending message 109 to peer 0x150048000 (4 bytes)
1731077078.442970 sending message 102 to peer 0x150048000 (13 bytes)
1731077078.442977 sending message 108 to peer 0x150048000 (33 bytes)
1731077078.442983 sending message 112 to peer 0x150048000 (70 bytes)
1731077078.442989 sending message 112 to peer 0x150048000 (5 bytes)
1731077078.442996 sending message 112 to peer 0x150048000 (6 bytes)
1731077078.443009 sending message 112 to peer 0x150048000 (6 bytes)
1731077078.443015 sending message 112 to peer 0x150048000 (11 bytes)
1731077078.443022 sending message 112 to peer 0x150048000 (10 bytes)
1731077078.443028 sending message 112 to peer 0x150048000 (13 bytes)
1731077078.443034 sending message 112 to peer 0x150048000 (13 bytes)
1731077078.443041 sending message 112 to peer 0x150048000 (18 bytes)
1731077078.443047 sending message 112 to peer 0x150048000 (11 bytes)
1731077078.443053 sending message 112 to peer 0x150048000 (21 bytes)
1731077078.443059 sending message 112 to peer 0x150048000 (13 bytes)
1731077078.443065 sending message 112 to peer 0x150048000 (7 bytes)
1731077078.443072 sending message 112 to peer 0x150048000 (13 bytes)
1731077078.443089 sending message 112 to peer 0x150048000 (7 bytes)
1731077078.443096 sending message 112 to peer 0x150048000 (13 bytes)
1731077078.443102 sending message 112 to peer 0x150048000 (9 bytes)
1731077078.443109 sending message 112 to peer 0x150048000 (21 bytes)
1731077078.443115 sending message 112 to peer 0x150048000 (13 bytes)
1731077078.443121 sending message 112 to peer 0x150048000 (8 bytes)
1731077078.443127 sending message 112 to peer 0x150048000 (12 bytes)
1731077078.443134 sending message 112 to peer 0x150048000 (13 bytes)
1731077078.443140 sending message 112 to peer 0x150048000 (9 bytes)
1731077078.443146 sending message 112 to peer 0x150048000 (9 bytes)
1731077078.443152 sending message 112 to peer 0x150048000 (12 bytes)
1731077078.443158 sending message 112 to peer 0x150048000 (8 bytes)
1731077078.443164 sending message 112 to peer 0x150048000 (7 bytes)
1731077078.443170 sending message 112 to peer 0x150048000 (7 bytes)
1731077078.443177 sending message 112 to peer 0x150048000 (9 bytes)
1731077078.443183 sending message 112 to peer 0x150048000 (13 bytes)
1731077078.443189 sending message 112 to peer 0x150048000 (6 bytes)
1731077078.443195 sending message 112 to peer 0x150048000 (9 bytes)
1731077078.443201 sending message 112 to peer 0x150048000 (13 bytes)
1731077078.443207 sending message 112 to peer 0x150048000 (12 bytes)
1731077078.443213 sending message 112 to peer 0x150048000 (8 bytes)
1731077078.443219 sending message 112 to peer 0x150048000 (9 bytes)
1731077078.443226 sending message 112 to peer 0x150048000 (10 bytes)
1731077078.443232 sending message 112 to peer 0x150048000 (10 bytes)
1731077078.443238 sending message 112 to peer 0x150048000 (10 bytes)
1731077078.443244 sending message 112 to peer 0x150048000 (10 bytes)
1731077078.443250 sending message 112 to peer 0x150048000 (11 bytes)
1731077078.443256 sending message 112 to peer 0x150048000 (10 bytes)
1731077078.443262 sending message 112 to peer 0x150048000 (8 bytes)
1731077078.443268 sending message 112 to peer 0x150048000 (11 bytes)
1731077078.443274 sending message 112 to peer 0x150048000 (11 bytes)
1731077078.443280 sending message 112 to peer 0x150048000 (11 bytes)
1731077078.443304 sending message 112 to peer 0x150048000 (8 bytes)
1731077078.443309 sending message 112 to peer 0x150048000 (8 bytes)
1731077078.443313 sending message 112 to peer 0x150048000 (8 bytes)
1731077078.443318 sending message 112 to peer 0x150048000 (10 bytes)
1731077078.443322 sending message 112 to peer 0x150048000 (10 bytes)
1731077078.443327 sending message 112 to peer 0x150048000 (10 bytes)
1731077078.443331 sending message 112 to peer 0x150048000 (10 bytes)
1731077078.443336 sending message 112 to peer 0x150048000 (10 bytes)
1731077078.443340 sending message 112 to peer 0x150048000 (11 bytes)
1731077078.443344 sending message 112 to peer 0x150048000 (11 bytes)
1731077078.443349 sending message 112 to peer 0x150048000 (10 bytes)
1731077078.443353 sending message 112 to peer 0x150048000 (9 bytes)
1731077078.443358 sending message 112 to peer 0x150048000 (9 bytes)
1731077078.443362 sending message 112 to peer 0x150048000 (12 bytes)
1731077078.443367 sending message 112 to peer 0x150048000 (9 bytes)
1731077078.443371 sending message 112 to peer 0x150048000 (6 bytes)
1731077078.443375 sending message 112 to peer 0x150048000 (8 bytes)
1731077078.443380 sending message 112 to peer 0x150048000 (15 bytes)
1731077078.443384 sending message 112 to peer 0x150048000 (13 bytes)
1731077078.443389 sending message 112 to peer 0x150048000 (70 bytes)
1731077078.443393 sending message 112 to peer 0x150048000 (69 bytes)
1731077078.443410 sending message 112 to peer 0x150048000 (10 bytes)
1731077078.443415 sending message 112 to peer 0x150048000 (10 bytes)
1731077078.443419 sending message 112 to peer 0x150048000 (8 bytes)
1731077078.443424 sending message 112 to peer 0x150048000 (15 bytes)
1731077078.443429 sending message 112 to peer 0x150048000 (13 bytes)
1731077078.443433 sending message 112 to peer 0x150048000 (10 bytes)
1731077078.443438 sending message 112 to peer 0x150048000 (10 bytes)
1731077078.443442 sending message 112 to peer 0x150048000 (10 bytes)
1731077078.443446 sending message 112 to peer 0x150048000 (9 bytes)
1731077078.443452 sending message 104 to peer 0x150048000 (0 bytes)
1731077078.443457 sending message 110 to peer 0x150048000 (0 bytes)
1731077078.443461 sending message 107 to peer 0x150048000 (4 bytes)
1731077078.443466 sending message 105 to peer 0x150048000 (79 bytes)
1731077078.443470 sending message 105 to peer 0x150048000 (15 bytes)
1731077078.443475 sending message 105 to peer 0x150048000 (20 bytes)
1731077078.443479 sending message 105 to peer 0x150048000 (22 bytes)
1731077078.443483 sending message 105 to peer 0x150048000 (28 bytes)
1731077078.443488 sending message 105 to peer 0x150048000 (12 bytes)
1731077078.443492 sending message 105 to peer 0x150048000 (66 bytes)
1731077078.443497 sending message 105 to peer 0x150048000 (25 bytes)
1731077078.443501 sending message 105 to peer 0x150048000 (37 bytes)
1731077078.443506 sending message 105 to peer 0x150048000 (30 bytes)
1731077078.443510 sending message 105 to peer 0x150048000 (34 bytes)
1731077078.443515 sending message 105 to peer 0x150048000 (60 bytes)
1731077078.443519 sending message 105 to peer 0x150048000 (22 bytes)
1731077078.443523 sending message 105 to peer 0x150048000 (61 bytes)
1731077078.443528 sending message 105 to peer 0x150048000 (62 bytes)
1731077078.443532 sending message 105 to peer 0x150048000 (26 bytes)
1731077078.443537 sending message 105 to peer 0x150048000 (17 bytes)
1731077078.443541 sending message 105 to peer 0x150048000 (19 bytes)
1731077078.443546 sending message 105 to peer 0x150048000 (26 bytes)
1731077078.443550 sending message 105 to peer 0x150048000 (21 bytes)
1731077078.443554 sending message 105 to peer 0x150048000 (18 bytes)
1731077078.443559 sending message 105 to peer 0x150048000 (821 bytes)
1731077078.443564 sending message 105 to peer 0x150048000 (53 bytes)
1731077078.443568 sending message 105 to peer 0x150048000 (23 bytes)
1731077078.443573 sending message 105 to peer 0x150048000 (57 bytes)
1731077078.443577 sending message 105 to peer 0x150048000 (29 bytes)
1731077078.443581 sending message 105 to peer 0x150048000 (37 bytes)
1731077078.443594 sending message 105 to peer 0x150048000 (16 bytes)
1731077078.443599 sending message 105 to peer 0x150048000 (46 bytes)
1731077078.443603 sending message 105 to peer 0x150048000 (61 bytes)
1731077078.443608 sending message 105 to peer 0x150048000 (39 bytes)
1731077078.443612 sending message 105 to peer 0x150048000 (28 bytes)
1731077078.443617 sending message 105 to peer 0x150048000 (15 bytes)
1731077078.443621 sending message 105 to peer 0x150048000 (8 bytes)
1731077078.443626 sending message 105 to peer 0x150048000 (66 bytes)
1731077078.443630 sending message 105 to peer 0x150048000 (19 bytes)
1731077078.443634 sending message 105 to peer 0x150048000 (86 bytes)
1731077078.443639 sending message 105 to peer 0x150048000 (44 bytes)
1731077078.443643 sending message 105 to peer 0x150048000 (18 bytes)
1731077078.443648 sending message 105 to peer 0x150048000 (26 bytes)
1731077078.443652 sending message 105 to peer 0x150048000 (60 bytes)
1731077078.443656 sending message 105 to peer 0x150048000 (57 bytes)
1731077078.443661 sending message 105 to peer 0x150048000 (43 bytes)
1731077078.443678 sending message 105 to peer 0x150048000 (41 bytes)
1731077078.443683 sending message 105 to peer 0x150048000 (61 bytes)
1731077078.443687 sending message 105 to peer 0x150048000 (31 bytes)
1731077078.443692 sending message 105 to peer 0x150048000 (63 bytes)
1731077078.443696 sending message 105 to peer 0x150048000 (13 bytes)
1731077078.443701 sending message 105 to peer 0x150048000 (67 bytes)
1731077078.443705 sending message 105 to peer 0x150048000 (18 bytes)
1731077078.443710 sending message 105 to peer 0x150048000 (12 bytes)
1731077078.443714 sending message 105 to peer 0x150048000 (14 bytes)
1731077078.443718 sending message 105 to peer 0x150048000 (19 bytes)
1731077078.443723 sending message 105 to peer 0x150048000 (21 bytes)
1731077078.443728 sending message 105 to peer 0x150048000 (35 bytes)
1731077078.443732 sending message 105 to peer 0x150048000 (43 bytes)
1731077078.443737 sending message 105 to peer 0x150048000 (32 bytes)
1731077078.443741 sending message 105 to peer 0x150048000 (17 bytes)
1731077078.443745 sending message 105 to peer 0x150048000 (42 bytes)
1731077078.443750 sending message 105 to peer 0x150048000 (25 bytes)
1731077078.443754 sending message 106 to peer 0x150048000 (0 bytes)
1731077078.443811 sending message 200 to peer 0x150048000 (4 bytes)
1731077078.443817 client loop enter
1731077078.444070 peer 0x150048000 message 303
1731077078.444091 open write file 2 -
1731077078.444110 sending message 305 to peer 0x150048000 (8 bytes)
1731077078.444126 write check file 2
1731077078.444175 peer 0x150048000 message 304
1731077078.444184 write 58 to file 2
1731077078.444190 peer 0x150048000 message 203
1731077078.444195 file 2 58 bytes left
1731077078.444210 write check file 2
1731077078.444215 client loop exit
